Using pre-set license
Built from '2020.3/release' branch; Version is '2020.3.15f2 (6cf78cb77498) revision 7141260'; Using compiler version '192528614'; Build Type 'Release'
OS: 'Windows 10 Pro; OS build 19044.1889; Version 2009; 64bit' Language: 'en' Physical Memory: 8191 MB
BatchMode: 1, IsHumanControllingUs: 0, StartBugReporterOnCrash: 0, Is64bit: 1, IsPro: 0

 COMMAND LINE ARGUMENTS:
C:\Program Files\Unity\Hub\Editor\2020.3.15f2\Editor\Unity.exe
-adb2
-batchMode
-noUpm
-name
AssetImportWorker0
-projectPath
H:/Programming/Unity Games/OpenForBusiness/OpenForBusiness
-logFile
Logs/AssetImportWorker0.log
-srvPort
53725
Successfully changed project path to: H:/Programming/Unity Games/OpenForBusiness/OpenForBusiness
H:/Programming/Unity Games/OpenForBusiness/OpenForBusiness
Using Asset Import Pipeline V2.
Refreshing native plugins compatible for Editor in 1461.67 ms, found 3 plugins.
Preloading 0 native plugins for Editor in 0.00 ms.
Initialize engine version: 2020.3.15f2 (6cf78cb77498)
[Subsystems] Discovering subsystems at path C:/Program Files/Unity/Hub/Editor/2020.3.15f2/Editor/Data/Resources/UnitySubsystems
[Subsystems] Discovering subsystems at path H:/Programming/Unity Games/OpenForBusiness/OpenForBusiness/Assets
GfxDevice: creating device client; threaded=0
Direct3D:
    Version:  Direct3D 11.0 [level 10.0]
    Renderer: NVIDIA GeForce 8800 GT  (ID=0x611)
    Vendor:   
    VRAM:     991 MB
    Driver:   21.21.13.4201
