Using pre-set license
Built from '2020.3/release' branch; Version is '2020.3.15f2 (6cf78cb77498) revision 7141260'; Using compiler version '192528614'; Build Type 'Release'
OS: 'Windows 10 Pro; OS build 19044.1889; Version 2009; 64bit' Language: 'en' Physical Memory: 8191 MB
BatchMode: 1, IsHumanControllingUs: 0, StartBugReporterOnCrash: 0, Is64bit: 1, IsPro: 0

 COMMAND LINE ARGUMENTS:
C:\Program Files\Unity\Hub\Editor\2020.3.15f2\Editor\Unity.exe
-adb2
-batchMode
-noUpm
-name
AssetImportWorker21
-projectPath
H:/Programming/Unity Games/OpenForBusiness/OpenForBusiness
-logFile
Logs/AssetImportWorker21.log
-srvPort
58974
Successfully changed project path to: H:/Programming/Unity Games/OpenForBusiness/OpenForBusiness
H:/Programming/Unity Games/OpenForBusiness/OpenForBusiness
Using Asset Import Pipeline V2.
Refreshing native plugins compatible for Editor in 1110.13 ms, found 3 plugins.
Preloading 0 native plugins for Editor in 0.00 ms.
Initialize engine version: 2020.3.15f2 (6cf78cb77498)
[Subsystems] Discovering subsystems at path C:/Program Files/Unity/Hub/Editor/2020.3.15f2/Editor/Data/Resources/UnitySubsystems
[Subsystems] Discovering subsystems at path H:/Programming/Unity Games/OpenForBusiness/OpenForBusiness/Assets
GfxDevice: creating device client; threaded=0
Direct3D:
    Version:  Direct3D 11.0 [level 10.0]
    Renderer: NVIDIA GeForce 8800 GT  (ID=0x611)
    Vendor:   
    VRAM:     991 MB
    Driver:   21.21.13.4201
Could not load symbol clCreateImage : The specified procedure could not be found.

0x00007ff623c7599c (Unity) StackWalker::GetCurrentCallstack
0x00007ff623c7dd79 (Unity) StackWalker::ShowCallstack
0x00007ff6251852ac (Unity) GetStacktrace
0x00007ff6262acae3 (Unity) DebugStringToFile
0x00007ff62391da92 (Unity) LookupSymbol
0x00007ff625cac45e (Unity) InitializeOpenCLLibrary
0x00007ff625b10f79 (Unity) gi::InitializeManagers
0x00007ff6247fc890 (Unity) Application::InitializeProject
0x00007ff625192812 (Unity) WinMain
0x00007ff626fdb016 (Unity) __scrt_common_main_seh
0x00007ff974637034 (KERNEL32) BaseThreadInitThunk
0x00007ff9757a2651 (ntdll) RtlUserThreadStart

Could not load symbol clEnqueueFillBuffer : The specified procedure could not be found.

0x00007ff623c7599c (Unity) StackWalker::GetCurrentCallstack
0x00007ff623c7dd79 (Unity) StackWalker::ShowCallstack
0x00007ff6251852ac (Unity) GetStacktrace
0x00007ff6262acae3 (Unity) DebugStringToFile
0x00007ff62391da92 (Unity) LookupSymbol
0x00007ff625cac686 (Unity) InitializeOpenCLLibrary
0x00007ff625b10f79 (Unity) gi::InitializeManagers
0x00007ff6247fc890 (Unity) Application::InitializeProject
0x00007ff625192812 (Unity) WinMain
0x00007ff626fdb016 (Unity) __scrt_common_main_seh
0x00007ff974637034 (KERNEL32) BaseThreadInitThunk
0x00007ff9757a2651 (ntdll) RtlUserThreadStart

Could not load symbol clEnqueueFillImage : The specified procedure could not be found.

0x00007ff623c7599c (Unity) StackWalker::GetCurrentCallstack
0x00007ff623c7dd79 (Unity) StackWalker::ShowCallstack
0x00007ff6251852ac (Unity) GetStacktrace
0x00007ff6262acae3 (Unity) DebugStringToFile
0x00007ff62391da92 (Unity) LookupSymbol
0x00007ff625cac6e2 (Unity) InitializeOpenCLLibrary
0x00007ff625b10f79 (Unity) gi::InitializeManagers
0x00007ff6247fc890 (Unity) Application::InitializeProject
0x00007ff625192812 (Unity) WinMain
0x00007ff626fdb016 (Unity) __scrt_common_main_seh
0x00007ff974637034 (KERNEL32) BaseThreadInitThunk
0x00007ff9757a2651 (ntdll) RtlUserThreadStart

Could not load symbol clEnqueueMarkerWithWaitList : The specified procedure could not be found.

0x00007ff623c7599c (Unity) StackWalker::GetCurrentCallstack
0x00007ff623c7dd79 (Unity) StackWalker::ShowCallstack
0x00007ff6251852ac (Unity) GetStacktrace
0x00007ff6262acae3 (Unity) DebugStringToFile
0x00007ff62391da92 (Unity) LookupSymbol
0x00007ff625cac938 (Unity) InitializeOpenCLLibrary
0x00007ff625b10f79 (Unity) gi::InitializeManagers
0x00007ff6247fc890 (Unity) Application::InitializeProject
0x00007ff625192812 (Unity) WinMain
0x00007ff626fdb016 (Unity) __scrt_common_main_seh
0x00007ff974637034 (KERNEL32) BaseThreadInitThunk
0x00007ff9757a2651 (ntdll) RtlUserThreadStart

Could not load symbol clGetExtensionFunctionAddressForPlatform : The specified procedure could not be found.

0x00007ff623c7599c (Unity) StackWalker::GetCurrentCallstack
0x00007ff623c7dd79 (Unity) StackWalker::ShowCallstack
0x00007ff6251852ac (Unity) GetStacktrace
0x00007ff6262acae3 (Unity) DebugStringToFile
0x00007ff62391da92 (Unity) LookupSymbol
0x00007ff625cac994 (Unity) InitializeOpenCLLibrary
0x00007ff625b10f79 (Unity) gi::InitializeManagers
0x00007ff6247fc890 (Unity) Application::InitializeProject
0x00007ff625192812 (Unity) WinMain
0x00007ff626fdb016 (Unity) __scrt_common_main_seh
0x00007ff974637034 (KERNEL32) BaseThreadInitThunk
0x00007ff9757a2651 (ntdll) RtlUserThreadStart

Could not load symbol clUnloadPlatformCompiler : The specified procedure could not be found.

0x00007ff623c7599c (Unity) StackWalker::GetCurrentCallstack
0x00007ff623c7dd79 (Unity) StackWalker::ShowCallstack
0x00007ff6251852ac (Unity) GetStacktrace
0x00007ff6262acae3 (Unity) DebugStringToFile
0x00007ff62391da92 (Unity) LookupSymbol
0x00007ff625caca4c (Unity) InitializeOpenCLLibrary
0x00007ff625b10f79 (Unity) gi::InitializeManagers
0x00007ff6247fc890 (Unity) Application::InitializeProject
0x00007ff625192812 (Unity) WinMain
0x00007ff626fdb016 (Unity) __scrt_common_main_seh
0x00007ff974637034 (KERNEL32) BaseThreadInitThunk
0x00007ff9757a2651 (ntdll) RtlUserThreadStart

Could not load symbol clCreateFromGLTexture : The specified procedure could not be found.

0x00007ff623c7599c (Unity) StackWalker::GetCurrentCallstack
0x00007ff623c7dd79 (Unity) StackWalker::ShowCallstack
0x00007ff6251852ac (Unity) GetStacktrace
0x00007ff6262acae3 (Unity) DebugStringToFile
0x00007ff62391da92 (Unity) LookupSymbol
0x00007ff625cacbbc (Unity) InitializeOpenCLLibrary
0x00007ff625b10f79 (Unity) gi::InitializeManagers
0x00007ff6247fc890 (Unity) Application::InitializeProject
0x00007ff625192812 (Unity) WinMain
0x00007ff626fdb016 (Unity) __scrt_common_main_seh
0x00007ff974637034 (KERNEL32) BaseThreadInitThunk
0x00007ff9757a2651 (ntdll) RtlUserThreadStart

Initialize mono
Mono path[0] = 'C:/Program Files/Unity/Hub/Editor/2020.3.15f2/Editor/Data/Managed'
Mono path[1] = 'C:/Program Files/Unity/Hub/Editor/2020.3.15f2/Editor/Data/MonoBleedingEdge/lib/mono/unityjit'
Mono config path = 'C:/Program Files/Unity/Hub/Editor/2020.3.15f2/Editor/Data/MonoBleedingEdge/etc'
Using monoOptions --debugger-agent=transport=dt_socket,embedding=1,server=y,suspend=n,address=127.0.0.1:56548
Begin MonoManager ReloadAssembly
Registering precompiled unity dll's ...
Register platform support module: C:/Program Files/Unity/Hub/Editor/2020.3.15f2/Editor/Data/PlaybackEngines/WindowsStandaloneSupport/UnityEditor.WindowsStandalone.Extensions.dll
Registered in 0.013558 seconds.
Native extension for WindowsStandalone target not found
Refreshing native plugins compatible for Editor in 1061.27 ms, found 3 plugins.
Preloading 0 native plugins for Editor in 0.00 ms.
Mono: successfully reloaded assembly
- Completed reload, in 17.853 seconds
Domain Reload Profiling:
	ReloadAssembly (17854ms)
		BeginReloadAssembly (298ms)
			ExecutionOrderSort (0ms)
			DisableScriptedObjects (0ms)
			BackupInstance (0ms)
			ReleaseScriptingObjects (0ms)
			CreateAndSetChildDomain (2ms)
		EndReloadAssembly (6309ms)
			LoadAssemblies (275ms)
			RebuildTransferFunctionScriptingTraits (0ms)
			SetupTypeCache (1577ms)
			ReleaseScriptCaches (0ms)
			RebuildScriptCaches (1996ms)
			SetupLoadedEditorAssemblies (2201ms)
				LogAssemblyErrors (0ms)
				InitializePlatformSupportModulesInManaged (41ms)
				SetLoadedEditorAssemblies (1ms)
				RefreshPlugins (1061ms)
				BeforeProcessingInitializeOnLoad (122ms)
				ProcessInitializeOnLoadAttributes (759ms)
				ProcessInitializeOnLoadMethodAttributes (217ms)
				AfterProcessingInitializeOnLoad (0ms)
				EditorAssembliesLoaded (1ms)
			ExecutionOrderSort2 (0ms)
			AwakeInstancesAfterBackupRestoration (0ms)
Platform modules already initialized, skipping
Registering precompiled user dll's ...
Registered in 0.016151 seconds.
Begin MonoManager ReloadAssembly
